<?xml version="1.0" encoding="UTF-8"?>
<testsuite name="com.jojoldu.book.springboot.web.IndexControllerTest" tests="1" skipped="0" failures="0" errors="0" timestamp="2021-06-26T07:22:14" hostname="Kangui-MacBook-Pro.local" time="0.306">
  <properties/>
  <testcase name="loadMainPage" classname="com.jojoldu.book.springboot.web.IndexControllerTest" time="0.306"/>
  <system-out><![CDATA[2021-06-26 16:22:06.815  INFO 19920 --- [    Test worker] .b.t.c.SpringBootTestContextBootstrapper : Neither @ContextConfiguration nor @ContextHierarchy found for test class [com.jojoldu.book.springboot.web.IndexControllerTest], using SpringBootContextLoader
2021-06-26 16:22:06.817  INFO 19920 --- [    Test worker] o.s.t.c.support.AbstractContextLoader    : Could not detect default resource locations for test class [com.jojoldu.book.springboot.web.IndexControllerTest]: no resource found for suffixes {-context.xml, Context.groovy}.
2021-06-26 16:22:06.818  INFO 19920 --- [    Test worker] t.c.s.AnnotationConfigContextLoaderUtils : Could not detect default configuration classes for test class [com.jojoldu.book.springboot.web.IndexControllerTest]: IndexControllerTest does not declare any static, non-private, non-final, nested classes annotated with @Configuration.
2021-06-26 16:22:06.822  INFO 19920 --- [    Test worker] .b.t.c.SpringBootTestContextBootstrapper : Found @SpringBootConfiguration com.jojoldu.book.springboot.Application for test class com.jojoldu.book.springboot.web.IndexControllerTest
2021-06-26 16:22:06.825  INFO 19920 --- [    Test worker] .b.t.c.SpringBootTestContextBootstrapper : Loaded default TestExecutionListener class names from location [META-INF/spring.factories]: [org.springframework.security.test.context.support.WithSecurityContextTestExecutionListener, org.springframework.security.test.context.support.ReactorContextTestExecutionListener, org.springframework.boot.test.autoconfigure.restdocs.RestDocsTestExecutionListener, org.springframework.boot.test.autoconfigure.web.client.MockRestServiceServerResetTestExecutionListener, org.springframework.boot.test.autoconfigure.web.servlet.MockMvcPrintOnlyOnFailureTestExecutionListener, org.springframework.boot.test.autoconfigure.web.servlet.WebDriverTestExecutionListener, org.springframework.boot.test.mock.mockito.MockitoTestExecutionListener, org.springframework.boot.test.mock.mockito.ResetMocksTestExecutionListener, org.springframework.test.context.web.ServletTestExecutionListener, org.springframework.test.context.support.DirtiesContextBeforeModesTestExecutionListener, org.springframework.test.context.support.DependencyInjectionTestExecutionListener, org.springframework.test.context.support.DirtiesContextTestExecutionListener, org.springframework.test.context.transaction.TransactionalTestExecutionListener, org.springframework.test.context.jdbc.SqlScriptsTestExecutionListener]
2021-06-26 16:22:06.826  INFO 19920 --- [    Test worker] .b.t.c.SpringBootTestContextBootstrapper : Using TestExecutionListeners: [org.springframework.test.context.web.ServletTestExecutionListener@42f67964, org.springframework.test.context.support.DirtiesContextBeforeModesTestExecutionListener@32341692, org.springframework.boot.test.mock.mockito.MockitoTestExecutionListener@4bf4e965, org.springframework.boot.test.autoconfigure.SpringBootDependencyInjectionTestExecutionListener@29b64e28, org.springframework.test.context.support.DirtiesContextTestExecutionListener@58fa2f23, org.springframework.test.context.transaction.TransactionalTestExecutionListener@4ae82228, org.springframework.test.context.jdbc.SqlScriptsTestExecutionListener@26bb45d1, org.springframework.security.test.context.support.WithSecurityContextTestExecutionListener@3de78820, org.springframework.security.test.context.support.ReactorContextTestExecutionListener@34ed2b88, org.springframework.boot.test.autoconfigure.restdocs.RestDocsTestExecutionListener@3f9fb65f, org.springframework.boot.test.autoconfigure.web.client.MockRestServiceServerResetTestExecutionListener@43f6f9b0, org.springframework.boot.test.autoconfigure.web.servlet.MockMvcPrintOnlyOnFailureTestExecutionListener@42d1df66, org.springframework.boot.test.autoconfigure.web.servlet.WebDriverTestExecutionListener@1f3d1ddf, org.springframework.boot.test.mock.mockito.ResetMocksTestExecutionListener@5d526d29]

  .   ____          _            __ _ _
 /\\ / ___'_ __ _ _(_)_ __  __ _ \ \ \ \
( ( )\___ | '_ | '_| | '_ \/ _` | \ \ \ \
 \\/  ___)| |_)| | | | | || (_| |  ) ) ) )
  '  |____| .__|_| |_|_| |_\__, | / / / /
 =========|_|==============|___/=/_/_/_/
 :: Spring Boot ::        (v2.1.9.RELEASE)

2021-06-26 16:22:06.911  INFO 19920 --- [    Test worker] c.j.b.s.web.IndexControllerTest          : Starting IndexControllerTest on Kangui-MacBook-Pro.local with PID 19920 (started by kangsung-yun in /Users/kangsung-yun/IdeaProjects/spring-boot-webservice)
2021-06-26 16:22:06.912  INFO 19920 --- [    Test worker] c.j.b.s.web.IndexControllerTest          : No active profile set, falling back to default profiles: default
2021-06-26 16:22:07.569  INFO 19920 --- [    Test worker] .s.d.r.c.RepositoryConfigurationDelegate : Bootstrapping Spring Data repositories in DEFAULT mode.
2021-06-26 16:22:07.669  INFO 19920 --- [    Test worker] .s.d.r.c.RepositoryConfigurationDelegate : Finished Spring Data repository scanning in 88ms. Found 2 repository interfaces.
2021-06-26 16:22:08.118  INFO 19920 --- [    Test worker] trationDelegate$BeanPostProcessorChecker : Bean 'org.springframework.transaction.annotation.ProxyTransactionManagementConfiguration' of type [org.springframework.transaction.annotation.ProxyTransactionManagementConfiguration$$EnhancerBySpringCGLIB$$5319281d] is not eligible for getting processed by all BeanPostProcessors (for example: not eligible for auto-proxying)
2021-06-26 16:22:08.601  INFO 19920 --- [    Test worker] o.s.b.w.embedded.tomcat.TomcatWebServer  : Tomcat initialized with port(s): 0 (http)
2021-06-26 16:22:08.655  INFO 19920 --- [    Test worker] o.apache.catalina.core.StandardService   : Starting service [Tomcat]
2021-06-26 16:22:08.657  INFO 19920 --- [    Test worker] org.apache.catalina.core.StandardEngine  : Starting Servlet engine: [Apache Tomcat/9.0.26]
2021-06-26 16:22:08.914  INFO 19920 --- [    Test worker] o.a.c.c.C.[Tomcat].[localhost].[/]       : Initializing Spring embedded WebApplicationContext
2021-06-26 16:22:08.914  INFO 19920 --- [    Test worker] o.s.web.context.ContextLoader            : Root WebApplicationContext: initialization completed in 1999 ms
2021-06-26 16:22:09.381  INFO 19920 --- [    Test worker] com.zaxxer.hikari.HikariDataSource       : HikariPool-1 - Starting...
2021-06-26 16:22:09.656  INFO 19920 --- [    Test worker] com.zaxxer.hikari.HikariDataSource       : HikariPool-1 - Start completed.
2021-06-26 16:22:09.828  INFO 19920 --- [    Test worker] o.hibernate.jpa.internal.util.LogHelper  : HHH000204: Processing PersistenceUnitInfo [
	name: default
	...]
2021-06-26 16:22:09.970  INFO 19920 --- [    Test worker] org.hibernate.Version                    : HHH000412: Hibernate Core {5.3.12.Final}
2021-06-26 16:22:09.975  INFO 19920 --- [    Test worker] org.hibernate.cfg.Environment            : HHH000206: hibernate.properties not found
2021-06-26 16:22:10.092  INFO 19920 --- [    Test worker] o.hibernate.annotations.common.Version   : HCANN000001: Hibernate Commons Annotations {5.0.4.Final}
2021-06-26 16:22:10.398  INFO 19920 --- [    Test worker] org.hibernate.dialect.Dialect            : HHH000400: Using dialect: org.hibernate.dialect.MySQL5InnoDBDialect
Hibernate: drop table if exists posts
Hibernate: drop table if exists user
Hibernate: create table posts (id bigint not null auto_increment, created_date datetime, modified_date datetime, author varchar(255), content TEXT not null, title varchar(500) not null, primary key (id)) engine=InnoDB
Hibernate: create table user (id bigint not null auto_increment, created_date datetime, modified_date datetime, email varchar(255) not null, name varchar(255) not null, picture varchar(255), role varchar(255) not null, primary key (id)) engine=InnoDB
2021-06-26 16:22:11.797  INFO 19920 --- [    Test worker] o.h.t.schema.internal.SchemaCreatorImpl  : HHH000476: Executing import script 'org.hibernate.tool.schema.internal.exec.ScriptSourceInputNonExistentImpl@5dd461e6'
2021-06-26 16:22:11.804  INFO 19920 --- [    Test worker] j.LocalContainerEntityManagerFactoryBean : Initialized JPA EntityManagerFactory for persistence unit 'default'
2021-06-26 16:22:13.438  INFO 19920 --- [    Test worker] o.h.h.i.QueryTranslatorFactoryInitiator  : HHH000397: Using ASTQueryTranslatorFactory
2021-06-26 16:22:13.900  INFO 19920 --- [    Test worker] o.s.s.web.DefaultSecurityFilterChain     : Creating filter chain: any request, [org.springframework.security.web.context.request.async.WebAsyncManagerIntegrationFilter@1bcb2f43, org.springframework.security.web.context.SecurityContextPersistenceFilter@35be971c, org.springframework.security.web.header.HeaderWriterFilter@6f767667, org.springframework.security.web.authentication.logout.LogoutFilter@7885fd63, org.springframework.security.oauth2.client.web.OAuth2AuthorizationRequestRedirectFilter@6239bdaf, org.springframework.security.oauth2.client.web.OAuth2LoginAuthenticationFilter@4cdfc89d, org.springframework.security.web.authentication.ui.DefaultLoginPageGeneratingFilter@39428b20, org.springframework.security.web.authentication.ui.DefaultLogoutPageGeneratingFilter@3b686d7f, org.springframework.security.web.savedrequest.RequestCacheAwareFilter@2f2678ce, org.springframework.security.web.servletapi.SecurityContextHolderAwareRequestFilter@733fe603, org.springframework.security.web.authentication.AnonymousAuthenticationFilter@58a5c6ff, org.springframework.security.web.session.SessionManagementFilter@7497d410, org.springframework.security.web.access.ExceptionTranslationFilter@6ede9b8e, org.springframework.security.web.access.intercept.FilterSecurityInterceptor@383f6847]
2021-06-26 16:22:14.178  INFO 19920 --- [    Test worker] o.s.s.concurrent.ThreadPoolTaskExecutor  : Initializing ExecutorService 'applicationTaskExecutor'
2021-06-26 16:22:14.215  WARN 19920 --- [    Test worker] aWebConfiguration$JpaWebMvcConfiguration : spring.jpa.open-in-view is enabled by default. Therefore, database queries may be performed during view rendering. Explicitly configure spring.jpa.open-in-view to disable this warning
2021-06-26 16:22:14.265  INFO 19920 --- [    Test worker] o.s.b.a.w.s.WelcomePageHandlerMapping    : Adding welcome page template: index
2021-06-26 16:22:14.734  INFO 19920 --- [    Test worker] s.a.ScheduledAnnotationBeanPostProcessor : No TaskScheduler/ScheduledExecutorService bean found for scheduled processing
2021-06-26 16:22:14.782  INFO 19920 --- [    Test worker] o.s.b.w.embedded.tomcat.TomcatWebServer  : Tomcat started on port(s): 53818 (http) with context path ''
2021-06-26 16:22:14.785  INFO 19920 --- [    Test worker] c.j.b.s.web.IndexControllerTest          : Started IndexControllerTest in 7.947 seconds (JVM running for 17.251)
2021-06-26 16:22:14.910  INFO 19920 --- [o-auto-1-exec-1] o.a.c.c.C.[Tomcat].[localhost].[/]       : Initializing Spring DispatcherServlet 'dispatcherServlet'
2021-06-26 16:22:14.910  INFO 19920 --- [o-auto-1-exec-1] o.s.web.servlet.DispatcherServlet        : Initializing Servlet 'dispatcherServlet'
2021-06-26 16:22:14.930  INFO 19920 --- [o-auto-1-exec-1] o.s.web.servlet.DispatcherServlet        : Completed initialization in 20 ms
Hibernate: select posts0_.id as id1_0_, posts0_.created_date as created_2_0_, posts0_.modified_date as modified3_0_, posts0_.author as author4_0_, posts0_.content as content5_0_, posts0_.title as title6_0_ from posts posts0_ order by posts0_.id DESC
]]></system-out>
  <system-err><![CDATA[]]></system-err>
</testsuite>
